This is pdfTeXk, Version 3.141592-1.40.3 (Web2C 7.5.6) (format=pdflatex 2016.1.21)  3 JUL 2016 11:14
entering extended mode
 %&-line parsing enabled.
**auto-report.tex
(./auto-report.tex
LaTeX2e <2005/12/01>
Babel <v3.8h> and hyphenation patterns for english, usenglishmax, dumylang, noh
yphenation, arabic, basque, bulgarian, coptic, welsh, czech, slovak, german, ng
erman, danish, esperanto, spanish, catalan, galician, estonian, farsi, finnish,
 french, greek, monogreek, ancientgreek, croatian, hungarian, interlingua, ibyc
us, indonesian, icelandic, italian, latin, mongolian, dutch, norsk, polish, por
tuguese, pinyin, romanian, russian, slovenian, uppersorbian, serbian, swedish, 
turkish, ukenglish, ukrainian, loaded.
(/usr/share/texmf/tex/latex/beamer/beamer.cls
(/usr/share/texmf/tex/latex/beamer/beamerbasercs.sty
Package: beamerbasercs 2004/10/07 (rcs-revision 1.3)
)
Document Class: beamer 2005/10/23 cvs version 3.06 A class for typesetting pres
entations (rcs-revision 1.67)
(/usr/share/texmf/tex/latex/beamer/beamerbasemodes.sty
Package: beamerbasemodes 2004/12/09 (rcs-revision 1.21)
\beamer@tempbox=\box26
\beamer@tempcount=\count79
\c@beamerpauses=\count80

(/usr/share/texmf/tex/latex/beamer/beamerbasedecode.sty
Package: beamerbasedecode 2005/05/09 (rcs-revision 1.18)
\beamer@slideinframe=\count81
\beamer@minimum=\count82
)
\beamer@commentbox=\box27
\beamer@modecount=\count83
)
\headheight=\dimen102
\headdp=\dimen103
\footheight=\dimen104
\sidebarheight=\dimen105
\beamer@tempdim=\dimen106
\beamer@finalheight=\dimen107
\beamer@animht=\dimen108
\beamer@animdp=\dimen109
\beamer@animwd=\dimen110
\beamer@leftmargin=\dimen111
\beamer@rightmargin=\dimen112
\beamer@leftsidebar=\dimen113
\beamer@rightsidebar=\dimen114
\beamer@boxsize=\dimen115
\beamer@vboxoffset=\dimen116
\beamer@descdefault=\dimen117
\beamer@descriptionwidth=\dimen118
\beamer@lastskip=\skip41
\beamer@areabox=\box28
\beamer@animcurrent=\box29
\beamer@animshowbox=\box30
\beamer@sectionbox=\box31
\beamer@logobox=\box32
\beamer@linebox=\box33
\beamer@sectioncount=\count84
\beamer@subsubsectionmax=\count85
\beamer@subsectionmax=\count86
\beamer@sectionmax=\count87
\beamer@totalheads=\count88
\beamer@headcounter=\count89
\beamer@partstartpage=\count90
\beamer@sectionstartpage=\count91
\beamer@subsectionstartpage=\count92
\beamer@animationtempa=\count93
\beamer@animationtempb=\count94
\beamer@xpos=\count95
\beamer@ypos=\count96
\beamer@showpartnumber=\count97
\beamer@currentsubsection=\count98
\beamer@coveringdepth=\count99
\beamer@sectionadjust=\count100
\beamer@tocsectionnumber=\count101

(/usr/share/texmf/tex/latex/beamer/beamerbaseoptions.sty
Package: beamerbaseoptions 2004/11/15 (rcs-revision 1.7)

(/usr/share/texmf/tex/latex/graphics/keyval.sty
Package: keyval 1999/03/16 v1.13 key=value parser (DPC)
\KV@toks@=\toks14
))
(/usr/share/texmf/tex/latex/pgf/tex/latex/pgf/basiclayer/pgfcore.sty
(/usr/share/texmf/tex/latex/graphics/graphicx.sty
Package: graphicx 1999/02/16 v1.0f Enhanced LaTeX Graphics (DPC,SPQR)

(/usr/share/texmf/tex/latex/graphics/graphics.sty
Package: graphics 2006/02/20 v1.0o Standard LaTeX Graphics (DPC,SPQR)

(/usr/share/texmf/tex/latex/graphics/trig.sty
Package: trig 1999/03/16 v1.09 sin cos tan (DPC)
)
(/usr/share/texmf/tex/latex/config/graphics.cfg
File: graphics.cfg 2007/01/18 v1.5 graphics configuration of teTeX/TeXLive
)
Package graphics Info: Driver file: pdftex.def on input line 90.

(/usr/share/texmf/tex/latex/pdftex-def/pdftex.def
File: pdftex.def 2007/01/08 v0.04d Graphics/color for pdfTeX
\Gread@gobject=\count102
))
\Gin@req@height=\dimen119
\Gin@req@width=\dimen120
)
(/usr/share/texmf/tex/latex/pgf/tex/latex/pgf/systemlayer/pgfsys.sty
(/usr/share/texmf/tex/latex/pgf/tex/latex/pgf/utilities/pgfrcs.sty
(/usr/share/texmf/tex/latex/pgf/tex/generic/pgf/utilities/pgfutil-common.tex
\pgfutil@everybye=\toks15
\pgfutil@tempdima=\dimen121
\pgfutil@tempdimb=\dimen122

(/usr/share/texmf/tex/latex/pgf/tex/generic/pgf/utilities/pgfutil-common-lists.
tex))
(/usr/share/texmf/tex/latex/pgf/tex/generic/pgf/utilities/pgfutil-latex.def
\pgfutil@abb=\box34

(/usr/share/texmf/tex/latex/everyshi/everyshi.sty
Package: everyshi 2001/05/15 v3.00 EveryShipout Package (MS)
))
(/usr/share/texmf/tex/latex/pgf/tex/generic/pgf/utilities/pgfrcs.code.tex
Package: pgfrcs 2015/08/07 v3.0.1 (rcs-revision 1.31)
))
(/usr/share/texmf/tex/latex/pgf/tex/generic/pgf/systemlayer/pgfsys.code.tex
Package: pgfsys 2014/07/09 v3.0.1 (rcs-revision 1.48)

(/usr/share/texmf/tex/latex/pgf/tex/generic/pgf/utilities/pgfkeys.code.tex
\pgfkeys@pathtoks=\toks16
\pgfkeys@temptoks=\toks17

(/usr/share/texmf/tex/latex/pgf/tex/generic/pgf/utilities/pgfkeysfiltered.code.
tex
\pgfkeys@tmptoks=\toks18
))
\pgf@x=\dimen123
\pgf@y=\dimen124
\pgf@xa=\dimen125
\pgf@ya=\dimen126
\pgf@xb=\dimen127
\pgf@yb=\dimen128
\pgf@xc=\dimen129
\pgf@yc=\dimen130
\w@pgf@writea=\write3
\r@pgf@reada=\read1
\c@pgf@counta=\count103
\c@pgf@countb=\count104
\c@pgf@countc=\count105
\c@pgf@countd=\count106
\t@pgf@toka=\toks19
\t@pgf@tokb=\toks20
\t@pgf@tokc=\toks21
 (/usr/share/texmf/tex/latex/pgf/tex/generic/pgf/systemlayer/pgf.cfg
File: pgf.cfg 2008/05/14  (rcs-revision 1.7)
)
Driver file for pgf: pgfsys-pdftex.def

(/usr/share/texmf/tex/latex/pgf/tex/generic/pgf/systemlayer/pgfsys-pdftex.def
File: pgfsys-pdftex.def 2014/10/11  (rcs-revision 1.35)

(/usr/share/texmf/tex/latex/pgf/tex/generic/pgf/systemlayer/pgfsys-common-pdf.d
ef
File: pgfsys-common-pdf.def 2013/10/10  (rcs-revision 1.13)
)))
(/usr/share/texmf/tex/latex/pgf/tex/generic/pgf/systemlayer/pgfsyssoftpath.code
.tex
File: pgfsyssoftpath.code.tex 2013/09/09  (rcs-revision 1.9)
\pgfsyssoftpath@smallbuffer@items=\count107
\pgfsyssoftpath@bigbuffer@items=\count108
)
(/usr/share/texmf/tex/latex/pgf/tex/generic/pgf/systemlayer/pgfsysprotocol.code
.tex
File: pgfsysprotocol.code.tex 2006/10/16  (rcs-revision 1.4)
)) (/usr/share/texmf/tex/latex/xcolor/xcolor.sty
Package: xcolor 2007/01/21 v2.11 LaTeX color extensions (UK)

(/usr/share/texmf/tex/latex/config/color.cfg
File: color.cfg 2007/01/18 v1.5 color configuration of teTeX/TeXLive
)
Package xcolor Info: Driver file: pdftex.def on input line 225.
Package xcolor Info: Model `cmy' substituted by `cmy0' on input line 1337.
Package xcolor Info: Model `hsb' substituted by `rgb' on input line 1341.
Package xcolor Info: Model `RGB' extended on input line 1353.
Package xcolor Info: Model `HTML' substituted by `rgb' on input line 1355.
Package xcolor Info: Model `Hsb' substituted by `hsb' on input line 1356.
Package xcolor Info: Model `tHsb' substituted by `hsb' on input line 1357.
Package xcolor Info: Model `HSB' substituted by `hsb' on input line 1358.
Package xcolor Info: Model `Gray' substituted by `gray' on input line 1359.
Package xcolor Info: Model `wave' substituted by `hsb' on input line 1360.
)
(/usr/share/texmf/tex/latex/pgf/tex/generic/pgf/basiclayer/pgfcore.code.tex
Package: pgfcore 2010/04/11 v3.0.1 (rcs-revision 1.7)

(/usr/share/texmf/tex/latex/pgf/tex/generic/pgf/math/pgfmath.code.tex
(/usr/share/texmf/tex/latex/pgf/tex/generic/pgf/math/pgfmathcalc.code.tex
(/usr/share/texmf/tex/latex/pgf/tex/generic/pgf/math/pgfmathutil.code.tex)
(/usr/share/texmf/tex/latex/pgf/tex/generic/pgf/math/pgfmathparser.code.tex
\pgfmath@dimen=\dimen131
\pgfmath@count=\count109
\pgfmath@box=\box35
\pgfmath@toks=\toks22
\pgfmath@stack@operand=\toks23
\pgfmath@stack@operation=\toks24
)
(/usr/share/texmf/tex/latex/pgf/tex/generic/pgf/math/pgfmathfunctions.code.tex
(/usr/share/texmf/tex/latex/pgf/tex/generic/pgf/math/pgfmathfunctions.basic.cod
e.tex)
(/usr/share/texmf/tex/latex/pgf/tex/generic/pgf/math/pgfmathfunctions.trigonome
tric.code.tex)
(/usr/share/texmf/tex/latex/pgf/tex/generic/pgf/math/pgfmathfunctions.random.co
de.tex)
(/usr/share/texmf/tex/latex/pgf/tex/generic/pgf/math/pgfmathfunctions.compariso
n.code.tex)
(/usr/share/texmf/tex/latex/pgf/tex/generic/pgf/math/pgfmathfunctions.base.code
.tex)
(/usr/share/texmf/tex/latex/pgf/tex/generic/pgf/math/pgfmathfunctions.round.cod
e.tex)
(/usr/share/texmf/tex/latex/pgf/tex/generic/pgf/math/pgfmathfunctions.misc.code
.tex)
(/usr/share/texmf/tex/latex/pgf/tex/generic/pgf/math/pgfmathfunctions.integerar
ithmetics.code.tex)))
(/usr/share/texmf/tex/latex/pgf/tex/generic/pgf/math/pgfmathfloat.code.tex
\c@pgfmathroundto@lastzeros=\count110
))
(/usr/share/texmf/tex/latex/pgf/tex/generic/pgf/basiclayer/pgfcorepoints.code.t
ex
File: pgfcorepoints.code.tex 2013/10/07  (rcs-revision 1.27)
\pgf@picminx=\dimen132
\pgf@picmaxx=\dimen133
\pgf@picminy=\dimen134
\pgf@picmaxy=\dimen135
\pgf@pathminx=\dimen136
\pgf@pathmaxx=\dimen137
\pgf@pathminy=\dimen138
\pgf@pathmaxy=\dimen139
\pgf@xx=\dimen140
\pgf@xy=\dimen141
\pgf@yx=\dimen142
\pgf@yy=\dimen143
\pgf@zx=\dimen144
\pgf@zy=\dimen145
)
(/usr/share/texmf/tex/latex/pgf/tex/generic/pgf/basiclayer/pgfcorepathconstruct
.code.tex
File: pgfcorepathconstruct.code.tex 2013/10/07  (rcs-revision 1.29)
\pgf@path@lastx=\dimen146
\pgf@path@lasty=\dimen147
)
(/usr/share/texmf/tex/latex/pgf/tex/generic/pgf/basiclayer/pgfcorepathusage.cod
e.tex
File: pgfcorepathusage.code.tex 2014/11/02  (rcs-revision 1.24)
\pgf@shorten@end@additional=\dimen148
\pgf@shorten@start@additional=\dimen149
)
(/usr/share/texmf/tex/latex/pgf/tex/generic/pgf/basiclayer/pgfcorescopes.code.t
ex
File: pgfcorescopes.code.tex 2015/05/08  (rcs-revision 1.46)
\pgfpic=\box36
\pgf@hbox=\box37
\pgf@layerbox@main=\box38
\pgf@picture@serial@count=\count111
)
(/usr/share/texmf/tex/latex/pgf/tex/generic/pgf/basiclayer/pgfcoregraphicstate.
code.tex
File: pgfcoregraphicstate.code.tex 2014/11/02  (rcs-revision 1.12)
\pgflinewidth=\dimen150
)
(/usr/share/texmf/tex/latex/pgf/tex/generic/pgf/basiclayer/pgfcoretransformatio
ns.code.tex
File: pgfcoretransformations.code.tex 2015/08/07  (rcs-revision 1.20)
\pgf@pt@x=\dimen151
\pgf@pt@y=\dimen152
\pgf@pt@temp=\dimen153
)
(/usr/share/texmf/tex/latex/pgf/tex/generic/pgf/basiclayer/pgfcorequick.code.te
x
File: pgfcorequick.code.tex 2008/10/09  (rcs-revision 1.3)
)
(/usr/share/texmf/tex/latex/pgf/tex/generic/pgf/basiclayer/pgfcoreobjects.code.
tex
File: pgfcoreobjects.code.tex 2006/10/11  (rcs-revision 1.2)
)
(/usr/share/texmf/tex/latex/pgf/tex/generic/pgf/basiclayer/pgfcorepathprocessin
g.code.tex
File: pgfcorepathprocessing.code.tex 2013/09/09  (rcs-revision 1.9)
)
(/usr/share/texmf/tex/latex/pgf/tex/generic/pgf/basiclayer/pgfcorearrows.code.t
ex
File: pgfcorearrows.code.tex 2015/05/14  (rcs-revision 1.43)
\pgfarrowsep=\dimen154
)
(/usr/share/texmf/tex/latex/pgf/tex/generic/pgf/basiclayer/pgfcoreshade.code.te
x
File: pgfcoreshade.code.tex 2013/07/15  (rcs-revision 1.15)
\pgf@max=\dimen155
\pgf@sys@shading@range@num=\count112
)
(/usr/share/texmf/tex/latex/pgf/tex/generic/pgf/basiclayer/pgfcoreimage.code.te
x
File: pgfcoreimage.code.tex 2013/07/15  (rcs-revision 1.18)

(/usr/share/texmf/tex/latex/pgf/tex/generic/pgf/basiclayer/pgfcoreexternal.code
.tex
File: pgfcoreexternal.code.tex 2014/07/09  (rcs-revision 1.21)
\pgfexternal@startupbox=\box39
))
(/usr/share/texmf/tex/latex/pgf/tex/generic/pgf/basiclayer/pgfcorelayers.code.t
ex
File: pgfcorelayers.code.tex 2013/07/18  (rcs-revision 1.7)
)
(/usr/share/texmf/tex/latex/pgf/tex/generic/pgf/basiclayer/pgfcoretransparency.
code.tex
File: pgfcoretransparency.code.tex 2013/09/30  (rcs-revision 1.5)
)
(/usr/share/texmf/tex/latex/pgf/tex/generic/pgf/basiclayer/pgfcorepatterns.code
.tex
File: pgfcorepatterns.code.tex 2013/11/07  (rcs-revision 1.5)
)))
(/usr/share/texmf/tex/latex/pgf/tex/latex/pgf/basiclayer/pgfbaseimage.sty

Package pgf Warning: This package is obsolete and no longer needed on input lin
e 13.

) (/usr/share/texmf/tex/latex/pgf/tex/latex/pgf/utilities/xxcolor.sty
Package: xxcolor 2003/10/24 ver 0.1
\XC@nummixins=\count113
\XC@countmixins=\count114
)
(/usr/share/texmf/tex/latex/amsfonts/amssymb.sty
Package: amssymb 2002/01/22 v2.2d

(/usr/share/texmf/tex/latex/amsfonts/amsfonts.sty
Package: amsfonts 2001/10/25 v2.2f
\@emptytoks=\toks25
\symAMSa=\mathgroup4
\symAMSb=\mathgroup5
LaTeX Font Info:    Overwriting math alphabet `\mathfrak' in version `bold'
(Font)                  U/euf/m/n --> U/euf/b/n on input line 132.
))
(/usr/share/texmf/tex/latex/geometry/geometry.sty
Package: geometry 2002/07/08 v3.2 Page Geometry
\Gm@cnth=\count115
\Gm@cntv=\count116
\c@Gm@tempcnt=\count117
\Gm@bindingoffset=\dimen156
\Gm@wd@mp=\dimen157
\Gm@odd@mp=\dimen158
\Gm@even@mp=\dimen159
\Gm@dimlist=\toks26

(/usr/share/texmf/tex/xelatex/xetexconfig/geometry.cfg))
(/usr/share/texmf/tex/latex/hyperref/hyperref.sty
Package: hyperref 2007/02/07 v6.75r Hypertext links for LaTeX
\@linkdim=\dimen160
\Hy@linkcounter=\count118
\Hy@pagecounter=\count119

(/usr/share/texmf/tex/latex/hyperref/pd1enc.def
File: pd1enc.def 2007/02/07 v6.75r Hyperref: PDFDocEncoding definition (HO)
)
(/usr/share/texmf/tex/latex/config/hyperref.cfg
File: hyperref.cfg 2002/06/06 v1.2 hyperref configuration of TeXLive
)
(/usr/share/texmf/tex/latex/oberdiek/kvoptions.sty
Package: kvoptions 2006/08/22 v2.4 Connects package keyval with LaTeX options (
HO)
)
Package hyperref Info: Option `bookmarks' set `true' on input line 2238.
Package hyperref Info: Option `bookmarksopen' set `true' on input line 2238.
Package hyperref Info: Option `implicit' set `false' on input line 2238.
Package hyperref Info: Hyper figures OFF on input line 2288.
Package hyperref Info: Link nesting OFF on input line 2293.
Package hyperref Info: Hyper index ON on input line 2296.
Package hyperref Info: Plain pages OFF on input line 2303.
Package hyperref Info: Backreferencing OFF on input line 2308.

Implicit mode OFF; no redefinition of LaTeX internals
Package hyperref Info: Bookmarks ON on input line 2444.
(/usr/share/texmf/tex/latex/ltxmisc/url.sty
\Urlmuskip=\muskip10
Package: url 2005/06/27  ver 3.2  Verb mode for urls, etc.
)
LaTeX Info: Redefining \url on input line 2599.
\Fld@menulength=\count120
\Field@Width=\dimen161
\Fld@charsize=\dimen162
\Choice@toks=\toks27
\Field@toks=\toks28
Package hyperref Info: Hyper figures OFF on input line 3102.
Package hyperref Info: Link nesting OFF on input line 3107.
Package hyperref Info: Hyper index ON on input line 3110.
Package hyperref Info: backreferencing OFF on input line 3117.
Package hyperref Info: Link coloring OFF on input line 3122.


Package hyperref Warning: Option `pdfpagelabels' is turned off
(hyperref)                because \thepage is undefined.

Hyperref stopped early
)
*hyperref using default driver hpdftex*
(/usr/share/texmf/tex/latex/hyperref/hpdftex.def
File: hpdftex.def 2007/02/07 v6.75r Hyperref driver for pdfTeX
\Fld@listcount=\count121
)
(/usr/share/texmf/tex/latex/extsizes/size8.clo
File: size8.clo 1999/11/11 v1.4a NON-Standard LaTeX file (size option)
)
(/usr/share/texmf/tex/latex/beamer/beamerbasecompatibility.sty
Package: beamerbasecompatibility 2005/01/25  (rcs-revision 1.60)
)
(/usr/share/texmf/tex/latex/beamer/beamerbasefont.sty
Package: beamerbasefont 2005/05/17  (rcs-revision 1.15)
)
(/usr/share/texmf/tex/latex/beamer/beamerbasemisc.sty
Package: beamerbasemisc 2005/05/17  (rcs-revision 1.23)
)
(/usr/share/texmf/tex/latex/beamer/beamerbasetwoscreens.sty
Package: beamerbasetwoscreens 2005/10/14  (rcs-revision 1.6)
)
(/usr/share/texmf/tex/latex/beamer/beamerbaseoverlay.sty
Package: beamerbaseoverlay 2005/05/18  (rcs-revision 1.49)
\beamer@argscount=\count122
\beamer@lastskipcover=\skip42
\beamer@trivlistdepth=\count123
)
(/usr/share/texmf/tex/latex/beamer/beamerbasetitle.sty
Package: beamerbasetitle 2005/10/23  (rcs-revision 1.23)
)
(/usr/share/texmf/tex/latex/beamer/beamerbasesection.sty
Package: beamerbasesection 2005/04/20  (rcs-revision 1.18)
\c@lecture=\count124
\c@part=\count125
\c@section=\count126
\c@subsection=\count127
\c@subsubsection=\count128
)
(/usr/share/texmf/tex/latex/beamer/beamerbaseframe.sty
Package: beamerbaseframe 2005/06/02  (rcs-revision 1.58)
\beamer@framebox=\box40
\beamer@frametitlebox=\box41
\beamer@zoombox=\box42
\beamer@zoomcount=\count129
\beamer@zoomframecount=\count130
\beamer@frametextheight=\dimen163
\c@subsectionslide=\count131
\beamer@frametopskip=\skip43
\beamer@framebottomskip=\skip44
\beamer@frametopskipautobreak=\skip45
\beamer@framebottomskipautobreak=\skip46
\beamer@envbody=\toks29
\c@framenumber=\count132
)
(/usr/share/texmf/tex/latex/beamer/beamerbaseverbatim.sty
Package: beamerbaseverbatim 2005/04/12  (rcs-revision 1.6)
\beamer@verbatimfileout=\write4
)
(/usr/share/texmf/tex/latex/beamer/beamerbaseframesize.sty
Package: beamerbaseframesize 2005/06/09  (rcs-revision 1.17)
\beamer@splitbox=\box43
\beamer@autobreakcount=\count133
\beamer@autobreaklastheight=\dimen164
\beamer@frametitletoks=\toks30
\beamer@framesubtitletoks=\toks31
)
(/usr/share/texmf/tex/latex/beamer/beamerbaseframecomponents.sty
Package: beamerbaseframecomponents 2004/11/08  (rcs-revision 1.40)
\beamer@footins=\box44
)
(/usr/share/texmf/tex/latex/beamer/beamerbasecolor.sty
Package: beamerbasecolor 2005/01/25  (rcs-revision 1.41)
)
(/usr/share/texmf/tex/latex/beamer/beamerbasenotes.sty
Package: beamerbasenotes 2005/10/14  (rcs-revision 1.22)
\beamer@frameboxcopy=\box45
)
(/usr/share/texmf/tex/latex/beamer/beamerbasetoc.sty
Package: beamerbasetoc 2004/12/09  (rcs-revision 1.20)
)
(/usr/share/texmf/tex/latex/beamer/beamerbasetemplates.sty
Package: beamerbasetemplates 2004/10/07  (rcs-revision 1.50)
\beamer@sbttoks=\toks32

(/usr/share/texmf/tex/latex/beamer/beamerbaseauxtemplates.sty
Package: beamerbaseauxtemplates 2005/06/09  (rcs-revision 1.27)

(/usr/share/texmf/tex/latex/beamer/beamerbaseboxes.sty
Package: beamerbaseboxes 2005/06/09  (rcs-revision 1.28)
\bmb@box=\box46
\bmb@colorbox=\box47
\bmb@boxshadow=\box48
\bmb@boxshadowball=\box49
\bmb@boxshadowballlarge=\box50
\bmb@temp=\dimen165
\bmb@dima=\dimen166
\bmb@dimb=\dimen167
\bmb@prevheight=\dimen168
)
\beamer@blockheadheight=\dimen169
))
(/usr/share/texmf/tex/latex/beamer/beamerbaselocalstructure.sty
Package: beamerbaselocalstructure 2005/04/20  (rcs-revision 1.51)

(/usr/share/texmf/tex/latex/tools/enumerate.sty
Package: enumerate 1999/03/05 v3.00 enumerate extensions (DPC)
\@enLab=\toks33
)
\c@figure=\count134
\c@table=\count135
\abovecaptionskip=\skip47
\belowcaptionskip=\skip48
)
(/usr/share/texmf/tex/latex/beamer/beamerbasenavigation.sty
Package: beamerbasenavigation 2005/06/01  (rcs-revision 1.34)
)
(/usr/share/texmf/tex/latex/beamer/beamerbasetheorems.sty
Package: beamerbasetheorems 2005/04/04  (rcs-revision 1.7)

(/usr/share/texmf/tex/latex/amsmath/amsmath.sty
Package: amsmath 2000/07/18 v2.13 AMS math features
\@mathmargin=\skip49

For additional information on amsmath, use the `?' option.
(/usr/share/texmf/tex/latex/amsmath/amstext.sty
Package: amstext 2000/06/29 v2.01

(/usr/share/texmf/tex/latex/amsmath/amsgen.sty
File: amsgen.sty 1999/11/30 v2.0
\@emptytoks=\toks34
\ex@=\dimen170
))
(/usr/share/texmf/tex/latex/amsmath/amsbsy.sty
Package: amsbsy 1999/11/29 v1.2d
\pmbraise@=\dimen171
)
(/usr/share/texmf/tex/latex/amsmath/amsopn.sty
Package: amsopn 1999/12/14 v2.01 operator names
)
\inf@bad=\count136
LaTeX Info: Redefining \frac on input line 211.
\uproot@=\count137
\leftroot@=\count138
LaTeX Info: Redefining \overline on input line 307.
\classnum@=\count139
\DOTSCASE@=\count140
LaTeX Info: Redefining \ldots on input line 379.
LaTeX Info: Redefining \dots on input line 382.
LaTeX Info: Redefining \cdots on input line 467.
\Mathstrutbox@=\box51
\strutbox@=\box52
\big@size=\dimen172
LaTeX Font Info:    Redeclaring font encoding OML on input line 567.
LaTeX Font Info:    Redeclaring font encoding OMS on input line 568.
\macc@depth=\count141
\c@MaxMatrixCols=\count142
\dotsspace@=\muskip11
\c@parentequation=\count143
\dspbrk@lvl=\count144
\tag@help=\toks35
\row@=\count145
\column@=\count146
\maxfields@=\count147
\andhelp@=\toks36
\eqnshift@=\dimen173
\alignsep@=\dimen174
\tagshift@=\dimen175
\tagwidth@=\dimen176
\totwidth@=\dimen177
\lineht@=\dimen178
\@envbody=\toks37
\multlinegap=\skip50
\multlinetaggap=\skip51
\mathdisplay@stack=\toks38
LaTeX Info: Redefining \[ on input line 2666.
LaTeX Info: Redefining \] on input line 2667.
)
(/usr/share/texmf/tex/latex/amscls/amsthm.sty
Package: amsthm 2004/08/06 v2.20
\thm@style=\toks39
\thm@bodyfont=\toks40
\thm@headfont=\toks41
\thm@notefont=\toks42
\thm@headpunct=\toks43
\thm@preskip=\skip52
\thm@postskip=\skip53
\thm@headsep=\skip54
\dth@everypar=\toks44
)
\c@theorem=\count148
)
(/usr/share/texmf/tex/latex/beamer/beamerbasethemes.sty
Package: beamerbasethemes 2004/10/07  (rcs-revision 1.9)
)
(/usr/share/texmf/tex/latex/beamer/themes/theme/beamerthemedefault.sty
Package: beamerthemedefault 2004/10/07  (rcs-revision 1.6)

(/usr/share/texmf/tex/latex/beamer/themes/font/beamerfontthemedefault.sty
Package: beamerfontthemedefault 2005/03/15  (rcs-revision 1.12)
)
(/usr/share/texmf/tex/latex/beamer/themes/color/beamercolorthemedefault.sty
Package: beamercolorthemedefault 2005/03/15  (rcs-revision 1.27)
)
(/usr/share/texmf/tex/latex/beamer/themes/inner/beamerinnerthemedefault.sty
Package: beamerinnerthemedefault 2005/06/17  (rcs-revision 1.19)
\beamer@dima=\dimen179
\beamer@dimb=\dimen180
)
(/usr/share/texmf/tex/latex/beamer/themes/outer/beamerouterthemedefault.sty
Package: beamerouterthemedefault 2005/06/09  (rcs-revision 1.13)
)))
(/usr/share/texmf/tex/latex/ltxmisc/framed.sty
Package: framed 2003/07/21 v 0.8a: framed or shaded text with page breaks
\FrameRule=\dimen181
\FrameSep=\dimen182
)
(/usr/share/texmf/tex/latex/base/alltt.sty
Package: alltt 1997/06/16 v2.0g defines alltt environment
)
(/usr/share/texmf/tex/latex/breakurl/breakurl.sty
Package: breakurl 2006/08/26 v1.20 Breakable hyperref URLs

(/usr/share/texmf/tex/latex/xkeyval/xkeyval.sty
Package: xkeyval 2006/11/18 v2.5f package option processing (HA)

(/usr/share/texmf/tex/latex/xkeyval/xkeyval.tex
\XKV@toks=\toks45
\XKV@depth=\count149
File: xkeyval.tex 2006/11/18 v2.5f key=value parser (HA)
))
\burl@toks=\toks46


Package breakurl Warning: You are using breakurl while processing via pdflatex.

\burl will be just a synonym of \url.
 on input line 114.

) (/usr/share/texmf/tex/latex/cite/cite.sty
LaTeX Info: Redefining \cite on input line 149.
LaTeX Info: Redefining \nocite on input line 214.
Package: cite 2003/11/04  v 4.01
)
(/ifs/home/kellys04/texmf/tex/tex/latex/etoolbox/etoolbox.sty
Package: etoolbox 2015/08/02 v2.2a e-TeX tools for LaTeX (JAW)

(/usr/share/texmf/tex/latex/etex/etex.sty
Package: etex 1998/03/26 v2.0 eTeX basic definition package (PEB)
\et@xins=\count150
)
\etb@tempcnta=\count151
)
(/usr/share/texmf/tex/latex/tools/tabularx.sty
Package: tabularx 1999/01/07 v2.07 `tabularx' package (DPC)

(/usr/share/texmf/tex/latex/tools/array.sty
Package: array 2005/08/23 v2.4b Tabular extension package (FMi)
\col@sep=\dimen183
\extrarowheight=\dimen184
\NC@list=\toks47
\extratabsurround=\skip55
\backup@length=\skip56
)
\TX@col@width=\dimen185
\TX@old@table=\dimen186
\TX@old@col=\dimen187
\TX@target=\dimen188
\TX@delta=\dimen189
\TX@cols=\count152
\TX@ftn=\toks48
)
(/usr/share/texmf/tex/latex/oberdiek/grffile.sty
Package: grffile 2006/11/30 v1.2 Extended file name support for graphics (HO)

(/usr/share/texmf/tex/generic/oberdiek/ifpdf.sty
Package: ifpdf 2006/02/20 v1.4 Provides the ifpdf switch (HO)
Package ifpdf Info: pdfTeX in pdf mode detected.
)
Package grffile Info: Option `multidot' is set to `true'.
Package grffile Info: Option `extendedchars' is set to `false'.
Package grffile Info: Option `space' is set to `true'.
)
(/usr/share/texmf/tex/latex/beamer/themes/theme/beamerthemeMarburg.sty
Package: beamerthemeMarburg 2004/10/11  (rcs-revision 1.10)

(/usr/share/texmf/tex/latex/beamer/themes/color/beamercolorthemewhale.sty
Package: beamercolorthemewhale 2004/10/07  (rcs-revision 1.3)
)
(/usr/share/texmf/tex/latex/beamer/themes/outer/beamerouterthemesidebar.sty
Package: beamerouterthemesidebar 2004/12/09  (rcs-revision 1.8)
\beamer@sidebarwidth=\dimen190
\beamer@headheight=\dimen191
))
(/usr/share/texmf/tex/latex/upquote/upquote.sty
Package: upquote 2003/08/11 v1.1 Covington's upright-quote modification to verb
atim and verb

(/usr/share/texmf/tex/latex/base/textcomp.sty
Package: textcomp 2005/09/27 v1.99g Standard LaTeX package
Package textcomp Info: Sub-encoding information:
(textcomp)               5 = only ISO-Adobe without \textcurrency
(textcomp)               4 = 5 + \texteuro
(textcomp)               3 = 4 + \textohm
(textcomp)               2 = 3 + \textestimated + \textcurrency
(textcomp)               1 = TS1 - \textcircled - \t
(textcomp)               0 = TS1 (full)
(textcomp)             Font families with sub-encoding setting implement
(textcomp)             only a restricted character set as indicated.
(textcomp)             Family '?' is the default used for unknown fonts.
(textcomp)             See the documentation for details.
Package textcomp Info: Setting ? sub-encoding to TS1/1 on input line 71.

(/usr/share/texmf/tex/latex/base/ts1enc.def
File: ts1enc.def 2001/06/05 v3.0e (jk/car/fm) Standard LaTeX file
)
LaTeX Info: Redefining \oldstylenums on input line 266.
Package textcomp Info: Setting cmr sub-encoding to TS1/0 on input line 281.
Package textcomp Info: Setting cmss sub-encoding to TS1/0 on input line 282.
Package textcomp Info: Setting cmtt sub-encoding to TS1/0 on input line 283.
Package textcomp Info: Setting cmvtt sub-encoding to TS1/0 on input line 284.
Package textcomp Info: Setting cmbr sub-encoding to TS1/0 on input line 285.
Package textcomp Info: Setting cmtl sub-encoding to TS1/0 on input line 286.
Package textcomp Info: Setting ccr sub-encoding to TS1/0 on input line 287.
Package textcomp Info: Setting ptm sub-encoding to TS1/4 on input line 288.
Package textcomp Info: Setting pcr sub-encoding to TS1/4 on input line 289.
Package textcomp Info: Setting phv sub-encoding to TS1/4 on input line 290.
Package textcomp Info: Setting ppl sub-encoding to TS1/3 on input line 291.
Package textcomp Info: Setting pag sub-encoding to TS1/4 on input line 292.
Package textcomp Info: Setting pbk sub-encoding to TS1/4 on input line 293.
Package textcomp Info: Setting pnc sub-encoding to TS1/4 on input line 294.
Package textcomp Info: Setting pzc sub-encoding to TS1/4 on input line 295.
Package textcomp Info: Setting bch sub-encoding to TS1/4 on input line 296.
Package textcomp Info: Setting put sub-encoding to TS1/5 on input line 297.
Package textcomp Info: Setting uag sub-encoding to TS1/5 on input line 298.
Package textcomp Info: Setting ugq sub-encoding to TS1/5 on input line 299.
Package textcomp Info: Setting ul8 sub-encoding to TS1/4 on input line 300.
Package textcomp Info: Setting ul9 sub-encoding to TS1/4 on input line 301.
Package textcomp Info: Setting augie sub-encoding to TS1/5 on input line 302.
Package textcomp Info: Setting dayrom sub-encoding to TS1/3 on input line 303.
Package textcomp Info: Setting dayroms sub-encoding to TS1/3 on input line 304.

Package textcomp Info: Setting pxr sub-encoding to TS1/0 on input line 305.
Package textcomp Info: Setting pxss sub-encoding to TS1/0 on input line 306.
Package textcomp Info: Setting pxtt sub-encoding to TS1/0 on input line 307.
Package textcomp Info: Setting txr sub-encoding to TS1/0 on input line 308.
Package textcomp Info: Setting txss sub-encoding to TS1/0 on input line 309.
Package textcomp Info: Setting txtt sub-encoding to TS1/0 on input line 310.
Package textcomp Info: Setting futs sub-encoding to TS1/4 on input line 311.
Package textcomp Info: Setting futx sub-encoding to TS1/4 on input line 312.
Package textcomp Info: Setting futj sub-encoding to TS1/4 on input line 313.
Package textcomp Info: Setting hlh sub-encoding to TS1/3 on input line 314.
Package textcomp Info: Setting hls sub-encoding to TS1/3 on input line 315.
Package textcomp Info: Setting hlst sub-encoding to TS1/3 on input line 316.
Package textcomp Info: Setting hlct sub-encoding to TS1/5 on input line 317.
Package textcomp Info: Setting hlx sub-encoding to TS1/5 on input line 318.
Package textcomp Info: Setting hlce sub-encoding to TS1/5 on input line 319.
Package textcomp Info: Setting hlcn sub-encoding to TS1/5 on input line 320.
Package textcomp Info: Setting hlcw sub-encoding to TS1/5 on input line 321.
Package textcomp Info: Setting hlcf sub-encoding to TS1/5 on input line 322.
Package textcomp Info: Setting pplx sub-encoding to TS1/3 on input line 323.
Package textcomp Info: Setting pplj sub-encoding to TS1/3 on input line 324.
Package textcomp Info: Setting ptmx sub-encoding to TS1/4 on input line 325.
Package textcomp Info: Setting ptmj sub-encoding to TS1/4 on input line 326.
)) (./auto-report.aux)
\openout1 = `auto-report.aux'.

LaTeX Font Info:    Checking defaults for OML/cmm/m/it on input line 110.
LaTeX Font Info:    ... okay on input line 110.
LaTeX Font Info:    Checking defaults for T1/cmr/m/n on input line 110.
LaTeX Font Info:    ... okay on input line 110.
LaTeX Font Info:    Checking defaults for OT1/cmr/m/n on input line 110.
LaTeX Font Info:    ... okay on input line 110.
LaTeX Font Info:    Checking defaults for OMS/cmsy/m/n on input line 110.
LaTeX Font Info:    ... okay on input line 110.
LaTeX Font Info:    Checking defaults for OMX/cmex/m/n on input line 110.
LaTeX Font Info:    ... okay on input line 110.
LaTeX Font Info:    Checking defaults for U/cmr/m/n on input line 110.
LaTeX Font Info:    ... okay on input line 110.
LaTeX Font Info:    Checking defaults for PD1/pdf/m/n on input line 110.
LaTeX Font Info:    ... okay on input line 110.
LaTeX Font Info:    Checking defaults for TS1/cmr/m/n on input line 110.
LaTeX Font Info:    Try loading font information for TS1+cmr on input line 110.


(/usr/share/texmf/tex/latex/base/ts1cmr.fd
File: ts1cmr.fd 1999/05/25 v2.5h Standard LaTeX font definitions
)
LaTeX Font Info:    ... okay on input line 110.

(/usr/share/texmf/tex/context/base/supp-pdf.tex
[Loading MPS to PDF converter (version 2006.09.02).]
\scratchcounter=\count153
\scratchdimen=\dimen192
\scratchbox=\box53
\nofMPsegments=\count154
\nofMParguments=\count155
\MPscratchCnt=\count156
\MPscratchDim=\dimen193
\MPnumerator=\count157
\everyMPtoPDFconversion=\toks49
) ABD: EveryShipout initializing macros
-------------------- Geometry parameters
paper: user defined
landscape: --
twocolumn: --
twoside: --
asymmetric: --
h-parts: 99.58463pt, 312.98035pt, 14.22636pt
v-parts: 0.0pt, 298.75394pt, 0.0pt
hmarginratio: --
vmarginratio: --
lines: --
heightrounded: --
bindingoffset: 0.0pt
truedimen: --
includehead: true
includefoot: true
includemp: --
driver: pdftex
-------------------- Page layout dimensions and switches
\paperwidth  426.79134pt
\paperheight 298.75394pt
\textwidth  312.98035pt
\textheight 270.30121pt
\oddsidemargin  27.31464pt
\evensidemargin 27.31464pt
\topmargin  -72.26999pt
\headheight 14.22636pt
\headsep    0.0pt
\footskip   14.22636pt
\marginparwidth 4.0pt
\marginparsep   10.0pt
\columnsep  10.0pt
\skip\footins  7.0pt plus 4.0pt minus 2.0pt
\hoffset 0.0pt
\voffset 0.0pt
\mag 1000

(1in=72.27pt, 1cm=28.45pt)
-----------------------
Package hyperref Info: Link coloring OFF on input line 110.

(/usr/share/texmf/tex/latex/hyperref/nameref.sty
Package: nameref 2006/12/27 v2.28 Cross-referencing by name of section

(/usr/share/texmf/tex/latex/oberdiek/refcount.sty
Package: refcount 2006/02/20 v3.0 Data extraction from references (HO)
)
\c@section@level=\count158
)
LaTeX Info: Redefining \ref on input line 110.
LaTeX Info: Redefining \pageref on input line 110.
 (./auto-report.out)
(./auto-report.out)
\@outlinefile=\write5
\openout5 = `auto-report.out'.

LaTeX Font Info:    Overwriting symbol font `operators' in version `normal'
(Font)                  OT1/cmr/m/n --> OT1/cmss/m/n on input line 110.
LaTeX Font Info:    Overwriting symbol font `operators' in version `bold'
(Font)                  OT1/cmr/bx/n --> OT1/cmss/bx/n on input line 110.
\symnumbers=\mathgroup6
\sympureletters=\mathgroup7
LaTeX Font Info:    Overwriting math alphabet `\mathrm' in version `normal'
(Font)                  OT1/cmss/m/n --> OT1/cmr/m/n on input line 110.
LaTeX Font Info:    Redeclaring math alphabet \mathbf on input line 110.
LaTeX Font Info:    Overwriting math alphabet `\mathbf' in version `normal'
(Font)                  OT1/cmr/bx/n --> OT1/cmss/bx/n on input line 110.
LaTeX Font Info:    Overwriting math alphabet `\mathbf' in version `bold'
(Font)                  OT1/cmr/bx/n --> OT1/cmss/bx/n on input line 110.
LaTeX Font Info:    Redeclaring math alphabet \mathsf on input line 110.
LaTeX Font Info:    Overwriting math alphabet `\mathsf' in version `normal'
(Font)                  OT1/cmss/m/n --> OT1/cmss/m/n on input line 110.
LaTeX Font Info:    Overwriting math alphabet `\mathsf' in version `bold'
(Font)                  OT1/cmss/bx/n --> OT1/cmss/m/n on input line 110.
LaTeX Font Info:    Redeclaring math alphabet \mathit on input line 110.
LaTeX Font Info:    Overwriting math alphabet `\mathit' in version `normal'
(Font)                  OT1/cmr/m/it --> OT1/cmss/m/it on input line 110.
LaTeX Font Info:    Overwriting math alphabet `\mathit' in version `bold'
(Font)                  OT1/cmr/bx/it --> OT1/cmss/m/it on input line 110.
LaTeX Font Info:    Redeclaring math alphabet \mathtt on input line 110.
LaTeX Font Info:    Overwriting math alphabet `\mathtt' in version `normal'
(Font)                  OT1/cmtt/m/n --> OT1/cmtt/m/n on input line 110.
LaTeX Font Info:    Overwriting math alphabet `\mathtt' in version `bold'
(Font)                  OT1/cmtt/m/n --> OT1/cmtt/m/n on input line 110.
LaTeX Font Info:    Overwriting symbol font `numbers' in version `bold'
(Font)                  OT1/cmss/m/n --> OT1/cmss/bx/n on input line 110.
LaTeX Font Info:    Overwriting symbol font `pureletters' in version `bold'
(Font)                  OT1/cmss/m/it --> OT1/cmss/bx/it on input line 110.
LaTeX Font Info:    Overwriting math alphabet `\mathrm' in version `bold'
(Font)                  OT1/cmss/bx/n --> OT1/cmr/bx/n on input line 110.
LaTeX Font Info:    Overwriting math alphabet `\mathbf' in version `bold'
(Font)                  OT1/cmss/bx/n --> OT1/cmss/bx/n on input line 110.
LaTeX Font Info:    Overwriting math alphabet `\mathsf' in version `bold'
(Font)                  OT1/cmss/m/n --> OT1/cmss/bx/n on input line 110.
LaTeX Font Info:    Overwriting math alphabet `\mathit' in version `bold'
(Font)                  OT1/cmss/m/it --> OT1/cmss/bx/it on input line 110.
LaTeX Font Info:    Overwriting math alphabet `\mathtt' in version `bold'
(Font)                  OT1/cmtt/m/n --> OT1/cmtt/bx/n on input line 110.
 (./auto-report.nav)

Package hyperref Warning: Option `pdfauthor' has already been used,
(hyperref)                setting the option has no effect on input line 113.

<figure/NYULMC_white.jpg, id=44, 401.5pt x 169.63374pt>
File: figure/NYULMC_white.jpg Graphic file (type jpg)

<use figure/NYULMC_white.jpg>

LaTeX Font Warning: Font shape `OT1/cmss/m/n' in size <4> not available
(Font)              size <5> substituted on input line 117.

[1{/usr/share/texmf/fonts/map/pdftex/updmap/pdftex.map}

 <./figure/NYULMC_white.jpg>]
LaTeX Font Info:    Try loading font information for U+msa on input line 143.
 (/usr/share/texmf/tex/latex/amsfonts/umsa.fd
File: umsa.fd 2002/01/19 v2.2g AMS font definitions
)
LaTeX Font Info:    Try loading font information for U+msb on input line 143.

(/usr/share/texmf/tex/latex/amsfonts/umsb.fd
File: umsb.fd 2002/01/19 v2.2g AMS font definitions
) [2

] [3

]
</ifs/home/kellys04/AutoReportLite/analysis_output/Sample1/Sample1.distribution
_histogram.pdf, id=159, 650.43pt x 650.43pt>
File: /ifs/home/kellys04/AutoReportLite/analysis_output/Sample1/Sample1.distrib
ution_histogram.pdf Graphic file (type pdf)

<use /ifs/home/kellys04/AutoReportLite/analysis_output/Sample1/Sample1.distribu
tion_histogram.pdf> [4

 </ifs/home/kellys04/AutoReportLite/analysis_output/Sample1/Sample1.distributio
n_histogram.pdf>]
</ifs/home/kellys04/AutoReportLite/analysis_output/Sample1/Sample1.random_distr
ibution.pdf, id=202, 650.43pt x 650.43pt>
File: /ifs/home/kellys04/AutoReportLite/analysis_output/Sample1/Sample1.random_
distribution.pdf Graphic file (type pdf)

<use /ifs/home/kellys04/AutoReportLite/analysis_output/Sample1/Sample1.random_d
istribution.pdf> [5

 </ifs/home/kellys04/AutoReportLite/analysis_output/Sample1/Sample1.random_dist
ribution.pdf>] [6

]
</ifs/home/kellys04/AutoReportLite/analysis_output/Sample2/Sample2.distribution
_histogram.pdf, id=283, 650.43pt x 650.43pt>
File: /ifs/home/kellys04/AutoReportLite/analysis_output/Sample2/Sample2.distrib
ution_histogram.pdf Graphic file (type pdf)

<use /ifs/home/kellys04/AutoReportLite/analysis_output/Sample2/Sample2.distribu
tion_histogram.pdf> [7

 </ifs/home/kellys04/AutoReportLite/analysis_output/Sample2/Sample2.distributio
n_histogram.pdf>]
</ifs/home/kellys04/AutoReportLite/analysis_output/Sample2/Sample2.random_distr
ibution.pdf, id=327, 650.43pt x 650.43pt>
File: /ifs/home/kellys04/AutoReportLite/analysis_output/Sample2/Sample2.random_
distribution.pdf Graphic file (type pdf)

<use /ifs/home/kellys04/AutoReportLite/analysis_output/Sample2/Sample2.random_d
istribution.pdf> [8

 </ifs/home/kellys04/AutoReportLite/analysis_output/Sample2/Sample2.random_dist
ribution.pdf>] [9

]
</ifs/home/kellys04/AutoReportLite/analysis_output/Sample3/Sample3.distribution
_histogram.pdf, id=408, 650.43pt x 650.43pt>
File: /ifs/home/kellys04/AutoReportLite/analysis_output/Sample3/Sample3.distrib
ution_histogram.pdf Graphic file (type pdf)

<use /ifs/home/kellys04/AutoReportLite/analysis_output/Sample3/Sample3.distribu
tion_histogram.pdf> [10

 </ifs/home/kellys04/AutoReportLite/analysis_output/Sample3/Sample3.distributio
n_histogram.pdf>]
</ifs/home/kellys04/AutoReportLite/analysis_output/Sample3/Sample3.random_distr
ibution.pdf, id=451, 650.43pt x 650.43pt>
File: /ifs/home/kellys04/AutoReportLite/analysis_output/Sample3/Sample3.random_
distribution.pdf Graphic file (type pdf)

<use /ifs/home/kellys04/AutoReportLite/analysis_output/Sample3/Sample3.random_d
istribution.pdf> [11

 </ifs/home/kellys04/AutoReportLite/analysis_output/Sample3/Sample3.random_dist
ribution.pdf>] [12

]
</ifs/home/kellys04/AutoReportLite/analysis_output/Sample4/Sample4.distribution
_histogram.pdf, id=532, 650.43pt x 650.43pt>
File: /ifs/home/kellys04/AutoReportLite/analysis_output/Sample4/Sample4.distrib
ution_histogram.pdf Graphic file (type pdf)

<use /ifs/home/kellys04/AutoReportLite/analysis_output/Sample4/Sample4.distribu
tion_histogram.pdf> [13

 </ifs/home/kellys04/AutoReportLite/analysis_output/Sample4/Sample4.distributio
n_histogram.pdf>]
</ifs/home/kellys04/AutoReportLite/analysis_output/Sample4/Sample4.random_distr
ibution.pdf, id=576, 650.43pt x 650.43pt>
File: /ifs/home/kellys04/AutoReportLite/analysis_output/Sample4/Sample4.random_
distribution.pdf Graphic file (type pdf)

<use /ifs/home/kellys04/AutoReportLite/analysis_output/Sample4/Sample4.random_d
istribution.pdf> [14

 </ifs/home/kellys04/AutoReportLite/analysis_output/Sample4/Sample4.random_dist
ribution.pdf>] [15

]
</ifs/home/kellys04/AutoReportLite/analysis_output/Sample5/Sample5.distribution
_histogram.pdf, id=657, 650.43pt x 650.43pt>
File: /ifs/home/kellys04/AutoReportLite/analysis_output/Sample5/Sample5.distrib
ution_histogram.pdf Graphic file (type pdf)

<use /ifs/home/kellys04/AutoReportLite/analysis_output/Sample5/Sample5.distribu
tion_histogram.pdf> [16

 </ifs/home/kellys04/AutoReportLite/analysis_output/Sample5/Sample5.distributio
n_histogram.pdf>]
</ifs/home/kellys04/AutoReportLite/analysis_output/Sample5/Sample5.random_distr
ibution.pdf, id=700, 650.43pt x 650.43pt>
File: /ifs/home/kellys04/AutoReportLite/analysis_output/Sample5/Sample5.random_
distribution.pdf Graphic file (type pdf)

<use /ifs/home/kellys04/AutoReportLite/analysis_output/Sample5/Sample5.random_d
istribution.pdf> [17

 </ifs/home/kellys04/AutoReportLite/analysis_output/Sample5/Sample5.random_dist
ribution.pdf>]
LaTeX Font Info:    Font shape `OT1/cmtt/bx/n' in size <6> not available
(Font)              Font shape `OT1/cmtt/m/n' tried instead on input line 332.
LaTeX Font Info:    Try loading font information for TS1+cmtt on input line 332
.
 (/usr/share/texmf/tex/latex/base/ts1cmtt.fd
File: ts1cmtt.fd 1999/05/25 v2.5h Standard LaTeX font definitions
) [18

]
\tf@nav=\write6
\openout6 = `auto-report.nav'.

\tf@toc=\write7
\openout7 = `auto-report.toc'.

\tf@snm=\write8
\openout8 = `auto-report.snm'.

 (./auto-report.aux)

 *File List*
  beamer.cls    2005/10/23 cvs version 3.06 A class for typesetting presentatio
ns (rcs-revision 1.67)
beamerbasercs.sty    2004/10/07 (rcs-revision 1.3)
beamerbasemodes.sty    2004/12/09 (rcs-revision 1.21)
beamerbasedecode.sty    2005/05/09 (rcs-revision 1.18)
beamerbaseoptions.sty    2004/11/15 (rcs-revision 1.7)
  keyval.sty    1999/03/16 v1.13 key=value parser (DPC)
 pgfcore.sty    2010/04/11 v3.0.1 (rcs-revision 1.7)
graphicx.sty    1999/02/16 v1.0f Enhanced LaTeX Graphics (DPC,SPQR)
graphics.sty    2006/02/20 v1.0o Standard LaTeX Graphics (DPC,SPQR)
    trig.sty    1999/03/16 v1.09 sin cos tan (DPC)
graphics.cfg    2007/01/18 v1.5 graphics configuration of teTeX/TeXLive
  pdftex.def    2007/01/08 v0.04d Graphics/color for pdfTeX
  pgfsys.sty    2014/07/09 v3.0.1 (rcs-revision 1.48)
  pgfrcs.sty    2015/08/07 v3.0.1 (rcs-revision 1.31)
everyshi.sty    2001/05/15 v3.00 EveryShipout Package (MS)
  pgfrcs.code.tex
  pgfsys.code.tex
pgfsyssoftpath.code.tex    2013/09/09  (rcs-revision 1.9)
pgfsysprotocol.code.tex    2006/10/16  (rcs-revision 1.4)
  xcolor.sty    2007/01/21 v2.11 LaTeX color extensions (UK)
   color.cfg    2007/01/18 v1.5 color configuration of teTeX/TeXLive
 pgfcore.code.tex
pgfbaseimage.sty    
 xxcolor.sty    2003/10/24 ver 0.1
 amssymb.sty    2002/01/22 v2.2d
amsfonts.sty    2001/10/25 v2.2f
geometry.sty    2002/07/08 v3.2 Page Geometry
geometry.cfg
hyperref.sty    2007/02/07 v6.75r Hypertext links for LaTeX
  pd1enc.def    2007/02/07 v6.75r Hyperref: PDFDocEncoding definition (HO)
hyperref.cfg    2002/06/06 v1.2 hyperref configuration of TeXLive
kvoptions.sty    2006/08/22 v2.4 Connects package keyval with LaTeX options (HO
)
     url.sty    2005/06/27  ver 3.2  Verb mode for urls, etc.
 hpdftex.def    2007/02/07 v6.75r Hyperref driver for pdfTeX
   size8.clo    1999/11/11 v1.4a NON-Standard LaTeX file (size option)
beamerbasecompatibility.sty    2005/01/25  (rcs-revision 1.60)
beamerbasefont.sty    2005/05/17  (rcs-revision 1.15)
beamerbasemisc.sty    2005/05/17  (rcs-revision 1.23)
beamerbasetwoscreens.sty    2005/10/14  (rcs-revision 1.6)
beamerbaseoverlay.sty    2005/05/18  (rcs-revision 1.49)
beamerbasetitle.sty    2005/10/23  (rcs-revision 1.23)
beamerbasesection.sty    2005/04/20  (rcs-revision 1.18)
beamerbaseframe.sty    2005/06/02  (rcs-revision 1.58)
beamerbaseverbatim.sty    2005/04/12  (rcs-revision 1.6)
beamerbaseframesize.sty    2005/06/09  (rcs-revision 1.17)
beamerbaseframecomponents.sty    2004/11/08  (rcs-revision 1.40)
beamerbasecolor.sty    2005/01/25  (rcs-revision 1.41)
beamerbasenotes.sty    2005/10/14  (rcs-revision 1.22)
beamerbasetoc.sty    2004/12/09  (rcs-revision 1.20)
beamerbasetemplates.sty    2004/10/07  (rcs-revision 1.50)
beamerbaseauxtemplates.sty    2005/06/09  (rcs-revision 1.27)
beamerbaseboxes.sty    2005/06/09  (rcs-revision 1.28)
beamerbaselocalstructure.sty    2005/04/20  (rcs-revision 1.51)
enumerate.sty    1999/03/05 v3.00 enumerate extensions (DPC)
beamerbasenavigation.sty    2005/06/01  (rcs-revision 1.34)
beamerbasetheorems.sty    2005/04/04  (rcs-revision 1.7)
 amsmath.sty    2000/07/18 v2.13 AMS math features
 amstext.sty    2000/06/29 v2.01
  amsgen.sty    1999/11/30 v2.0
  amsbsy.sty    1999/11/29 v1.2d
  amsopn.sty    1999/12/14 v2.01 operator names
  amsthm.sty    2004/08/06 v2.20
beamerbasethemes.sty    2004/10/07  (rcs-revision 1.9)
beamerthemedefault.sty    2004/10/07  (rcs-revision 1.6)
beamerfontthemedefault.sty    2005/03/15  (rcs-revision 1.12)
beamercolorthemedefault.sty    2005/03/15  (rcs-revision 1.27)
beamerinnerthemedefault.sty    2005/06/17  (rcs-revision 1.19)
beamerouterthemedefault.sty    2005/06/09  (rcs-revision 1.13)
  framed.sty    2003/07/21 v 0.8a: framed or shaded text with page breaks
   alltt.sty    1997/06/16 v2.0g defines alltt environment
breakurl.sty    2006/08/26 v1.20 Breakable hyperref URLs
 xkeyval.sty    2006/11/18 v2.5f package option processing (HA)
 xkeyval.tex    2006/11/18 v2.5f key=value parser (HA)
    cite.sty    2003/11/04  v 4.01
etoolbox.sty    2015/08/02 v2.2a e-TeX tools for LaTeX (JAW)
    etex.sty    1998/03/26 v2.0 eTeX basic definition package (PEB)
tabularx.sty    1999/01/07 v2.07 `tabularx' package (DPC)
   array.sty    2005/08/23 v2.4b Tabular extension package (FMi)
 grffile.sty    2006/11/30 v1.2 Extended file name support for graphics (HO)
   ifpdf.sty    2006/02/20 v1.4 Provides the ifpdf switch (HO)
beamerthemeMarburg.sty    2004/10/11  (rcs-revision 1.10)
beamercolorthemewhale.sty    2004/10/07  (rcs-revision 1.3)
beamerouterthemesidebar.sty    2004/12/09  (rcs-revision 1.8)
 upquote.sty    2003/08/11 v1.1 Covington's upright-quote modification to verba
tim and verb
textcomp.sty    2005/09/27 v1.99g Standard LaTeX package
  ts1enc.def    2001/06/05 v3.0e (jk/car/fm) Standard LaTeX file
  ts1cmr.fd    1999/05/25 v2.5h Standard LaTeX font definitions
supp-pdf.tex
 nameref.sty    2006/12/27 v2.28 Cross-referencing by name of section
refcount.sty    2006/02/20 v3.0 Data extraction from references (HO)
auto-report.out
auto-report.out
figure/NYULMC_white.jpg
    umsa.fd    2002/01/19 v2.2g AMS font definitions
    umsb.fd    2002/01/19 v2.2g AMS font definitions
/ifs/home/kellys04/AutoReportLite/analysis_output/Sample1/Sample1.distribution_
histogram.pdf
/ifs/home/kellys04/AutoReportLite/analysis_output/Sample1/Sample1.random_distri
bution.pdf
/ifs/home/kellys04/AutoReportLite/analysis_output/Sample2/Sample2.distribution_
histogram.pdf
/ifs/home/kellys04/AutoReportLite/analysis_output/Sample2/Sample2.random_distri
bution.pdf
/ifs/home/kellys04/AutoReportLite/analysis_output/Sample3/Sample3.distribution_
histogram.pdf
/ifs/home/kellys04/AutoReportLite/analysis_output/Sample3/Sample3.random_distri
bution.pdf
/ifs/home/kellys04/AutoReportLite/analysis_output/Sample4/Sample4.distribution_
histogram.pdf
/ifs/home/kellys04/AutoReportLite/analysis_output/Sample4/Sample4.random_distri
bution.pdf
/ifs/home/kellys04/AutoReportLite/analysis_output/Sample5/Sample5.distribution_
histogram.pdf
/ifs/home/kellys04/AutoReportLite/analysis_output/Sample5/Sample5.random_distri
bution.pdf
 ts1cmtt.fd    1999/05/25 v2.5h Standard LaTeX font definitions
 ***********


LaTeX Font Warning: Size substitutions with differences
(Font)              up to 1.0pt have occurred.

 )
(\end occurred when \ifcase on line 111 was incomplete)
(\end occurred when \ifx on line 111 was incomplete)
(\end occurred when \ifx on line 111 was incomplete) 
Here is how much of TeX's memory you used:
 15092 strings out of 256214
 289126 string characters out of 1917000
 335705 words of memory out of 1500000
 17961 multiletter control sequences out of 10000+200000
 8680 words of font info for 33 fonts, out of 1200000 for 2000
 645 hyphenation exceptions out of 8191
 48i,15n,74p,830b,579s stack positions out of 5000i,500n,6000p,200000b,15000s
 </ifs/home/kellys04/.texli
ve2007/texmf-var/fonts/pk/ljfour/jknappen/ec/tctt0800.450pk></usr/share/texmf/f
onts/type1/bluesky/cm/cmmi5.pfb></usr/share/texmf/fonts/type1/bluesky/cm/cmss10
.pfb></usr/share/texmf/fonts/type1/bluesky/cm/cmss8.pfb></usr/share/texmf/fonts
/type1/bluesky/cm/cmtt8.pfb>
Output written on auto-report.pdf (18 pages, 281876 bytes).
PDF statistics:
 810 PDF objects out of 1000 (max. 8388607)
 59 named destinations out of 1000 (max. 131072)
 166 words of extra memory for PDF output out of 10000 (max. 10000000)

